2014-02-18 15:19:22 INFO  myLogger:99 - Successfully read from config.properties file <staging>
2014-02-18 15:19:32 INFO  WebDriverManager:613 - Page title is Quiksilver online Shop : Surf, Snow, Skate - Quiksilver
2014-02-18 15:20:10 INFO  myLogger:99 - Successfully read from config.properties file <staging>
2014-02-18 15:20:25 INFO  WebDriverManager:613 - Page title is Quiksilver online Shop : Surf, Snow, Skate - Quiksilver
2014-02-18 15:20:28 INFO  myLogger:99 - Successfully read from config.properties file <staging>
2014-02-18 15:20:39 INFO  WebDriverManager:613 - Page title is Quiksilver online Shop : Surf, Snow, Skate - Quiksilver
2014-02-18 15:21:04 INFO  myLogger:99 - Successfully read from config.properties file <staging>
2014-02-18 15:21:08 INFO  WebDriverManager:613 - Page title is Quiksilver online Shop : Surf, Snow, Skate - Quiksilver
2014-02-18 15:21:57 INFO  myLogger:99 - Successfully read from config.properties file <staging>
2014-02-18 15:22:09 INFO  WebDriverManager:613 - Page title is Quiksilver online Shop : Surf, Snow, Skate - Quiksilver
2014-02-18 15:22:12 INFO  myLogger:99 - Successfully read from config.properties file <staging>
2014-02-18 15:22:23 INFO  WebDriverManager:613 - Page title is Quiksilver online Shop : Surf, Snow, Skate - Quiksilver
2014-02-18 15:22:53 INFO  myLogger:99 - Successfully read from config.properties file <staging>
2014-02-18 15:22:58 INFO  WebDriverManager:613 - Page title is Quiksilver online Shop : Surf, Snow, Skate - Quiksilver
2014-02-18 15:49:52 INFO  myLogger:99 - Successfully read from config.properties file <staging>
2014-02-18 15:50:28 INFO  WebDriverManager:613 - Page title is Quiksilver online Shop : Surf, Snow, Skate - Quiksilver
2014-02-18 15:50:31 INFO  myLogger:99 - Successfully read from config.properties file <staging>
2014-02-18 15:50:45 INFO  WebDriverManager:613 - Page title is Quiksilver online Shop : Surf, Snow, Skate - Quiksilver
2014-02-18 15:51:14 INFO  myLogger:99 - Successfully read from config.properties file <staging>
2014-02-18 15:51:18 INFO  WebDriverManager:613 - Page title is Quiksilver online Shop : Surf, Snow, Skate - Quiksilver
2014-02-18 21:45:13 INFO  myLogger:99 - Successfully read from config.properties file <staging>
2014-02-18 21:45:55 INFO  WebDriverManager:613 - Page title is Quiksilver online Shop : Surf, Snow, Skate - Quiksilver
2014-02-18 23:09:59 INFO  myLogger:99 - Successfully read from config.properties file <staging>
2014-02-18 23:10:43 INFO  WebDriverManager:613 - Page title is Quiksilver online Shop : Surf, Snow, Skate - Quiksilver
2014-02-20 12:46:12 INFO  WebDriverManager:613 - Page title is Quiksilver online Shop : Surf, Snow, Skate - Quiksilver
2014-02-20 12:46:39 INFO  WebDriverManager:613 - Page title is Quiksilver online Shop : Surf, Snow, Skate - Quiksilver
2014-02-20 13:01:20 INFO  WebDriverManager:613 - Page title is Quiksilver online Shop : Surf, Snow, Skate - Quiksilver
2014-02-20 13:01:54 INFO  WebDriverManager:613 - Page title is Quiksilver online Shop : Surf, Snow, Skate - Quiksilver
2014-02-20 13:04:52 INFO  WebDriverManager:613 - Page title is Quiksilver online Shop : Surf, Snow, Skate - Quiksilver
2014-02-20 13:05:21 INFO  WebDriverManager:613 - Page title is Quiksilver online Shop : Surf, Snow, Skate - Quiksilver
2014-02-20 13:14:38 INFO  WebDriverManager:613 - Page title is Quiksilver online Shop : Surf, Snow, Skate - Quiksilver
2014-02-20 13:15:05 INFO  WebDriverManager:613 - Page title is Quiksilver online Shop : Surf, Snow, Skate - Quiksilver
2014-02-20 13:17:25 INFO  WebDriverManager:613 - Page title is Quiksilver online Shop : Surf, Snow, Skate - Quiksilver
2014-02-20 13:17:56 INFO  WebDriverManager:613 - Page title is Quiksilver online Shop : Surf, Snow, Skate - Quiksilver
2014-02-20 13:19:52 INFO  WebDriverManager:613 - Page title is Quiksilver online Shop : Surf, Snow, Skate - Quiksilver
2014-02-20 13:20:19 INFO  WebDriverManager:613 - Page title is Quiksilver online Shop : Surf, Snow, Skate - Quiksilver
2014-02-20 17:11:28 INFO  WebDriverManager:605 - Home Page title is Quiksilver online Shop : Surf, Snow, Skate - Quiksilver
2014-02-20 17:19:39 INFO  WebDriverManager:605 - Home Page title is Quiksilver online Shop : Surf, Snow, Skate - Quiksilver
2014-02-20 17:21:28 INFO  WebDriverManager:605 - Home Page title is Quiksilver online Shop : Surf, Snow, Skate - Quiksilver
2014-02-20 17:21:49 INFO  WebDriverManager:605 - Home Page title is Quiksilver online Shop : Surf, Snow, Skate - Quiksilver
2014-02-20 17:22:30 INFO  WebDriverManager:605 - Home Page title is Quiksilver online Shop : Surf, Snow, Skate - Quiksilver
2014-02-20 17:53:33 INFO  WebDriverManager:606 - Home Page title is Quiksilver online Shop : Surf, Snow, Skate - Quiksilver
2014-02-20 17:53:43 INFO  WebDriverManager:606 - Home Page title is Quiksilver online Shop : Surf, Snow, Skate - Quiksilver
2014-02-20 17:54:10 INFO  WebDriverManager:606 - Home Page title is Quiksilver online Shop : Surf, Snow, Skate - Quiksilver
2014-02-20 17:58:33 INFO  WebDriverManager:606 - Home Page title is Quiksilver online Shop : Surf, Snow, Skate - Quiksilver
2014-02-20 17:58:45 INFO  WebDriverManager:606 - Home Page title is Quiksilver online Shop : Surf, Snow, Skate - Quiksilver
2014-02-20 17:59:18 INFO  WebDriverManager:606 - Home Page title is Quiksilver online Shop : Surf, Snow, Skate - Quiksilver
2014-02-20 18:00:01 INFO  WebDriverManager:606 - Home Page title is Quiksilver online Shop : Surf, Snow, Skate - Quiksilver
2014-02-20 18:01:23 INFO  WebDriverManager:606 - Home Page title is Quiksilver online Shop : Surf, Snow, Skate - Quiksilver
2014-02-20 18:01:32 INFO  WebDriverManager:606 - Home Page title is Quiksilver online Shop : Surf, Snow, Skate - Quiksilver
2014-02-20 18:03:37 INFO  WebDriverManager:606 - Home Page title is Quiksilver online Shop : Surf, Snow, Skate - Quiksilver
2014-02-20 18:03:58 INFO  WebDriverManager:606 - Home Page title is Quiksilver online Shop : Surf, Snow, Skate - Quiksilver
2014-02-20 18:08:48 INFO  WebDriverManager:606 - Home Page title is Quiksilver online Shop : Surf, Snow, Skate - Quiksilver
2014-02-20 18:10:33 INFO  WebDriverManager:606 - Home Page title is Quiksilver online Shop : Surf, Snow, Skate - Quiksilver
2014-02-20 18:14:42 INFO  WebDriverManager:606 - Home Page title is Quiksilver online Shop : Surf, Snow, Skate - Quiksilver
2014-02-20 22:58:25 INFO  WebDriverManager:606 - Home Page title is Quiksilver online Shop : Surf, Snow, Skate - Quiksilver
2014-02-21 10:35:08 INFO  WebDriverManager:606 - Home Page title is Quiksilver online Shop : Surf, Snow, Skate - Quiksilver
2014-02-22 09:37:31 INFO  WebDriverManager:606 - Home Page title is Quiksilver online Shop : Surf, Snow, Skate - Quiksilver
2014-02-27 15:07:08 INFO  WebDriverManager:656 - Page title is DC Shoes Skate, Snowboard & Surf Clothing and Shoes - DC Shoes
2014-02-27 15:08:13 INFO  WebDriverManager:656 - Page title is DC Shoes Skate, Snowboard & Surf Clothing and Shoes - DC Shoes
2014-02-27 15:08:56 INFO  WebDriverManager:656 - Page title is DC Shoes Skate, Snowboard & Surf Clothing and Shoes - DC Shoes
2014-02-27 15:15:59 INFO  WebDriverManager:656 - Page title is DC Shoes Skate, Snowboard & Surf Clothing and Shoes - DC Shoes
2014-02-27 15:16:39 INFO  WebDriverManager:656 - Page title is DC Shoes Skate, Snowboard & Surf Clothing and Shoes - DC Shoes
2014-02-27 15:17:27 INFO  WebDriverManager:656 - Page title is DC Shoes Skate, Snowboard & Surf Clothing and Shoes - DC Shoes
2014-02-27 15:18:31 INFO  WebDriverManager:656 - Page title is DC Shoes Skate, Snowboard & Surf Clothing and Shoes - DC Shoes
2014-02-27 15:18:54 INFO  WebDriverManager:656 - Page title is DC Shoes Skate, Snowboard & Surf Clothing and Shoes - DC Shoes
2014-02-28 18:07:09 INFO  WebDriverManager:656 - Page title is DC Shoes Skate, Snowboard & Surf Clothing and Shoes - DC Shoes
2014-06-20 07:23:42 INFO  WebDriverManager:845 - Page title is DC Shoes Skate, Snowboard & Surf Clothing and Shoes - DC Shoes
2014-06-20 07:26:15 INFO  WebDriverManager:845 - Page title is DC Shoes Skate, Snowboard & Surf Clothing and Shoes - DC Shoes
2014-06-20 07:41:05 INFO  WebDriverManager:845 - Page title is DC Shoes Skate, Snowboard & Surf Clothing and Shoes - DC Shoes
2014-06-20 07:42:03 INFO  WebDriverManager:845 - Page title is DC Shoes Skate, Snowboard & Surf Clothing and Shoes - DC Shoes
2014-06-20 07:42:19 INFO  WebDriverManager:845 - Page title is DC Shoes Skate, Snowboard & Surf Clothing and Shoes - DC Shoes
2014-06-20 07:44:16 INFO  WebDriverManager:845 - Page title is DC Shoes Skate, Snowboard & Surf Clothing and Shoes - DC Shoes
2014-06-20 07:45:42 INFO  WebDriverManager:845 - Page title is DC Shoes Skate, Snowboard & Surf Clothing and Shoes - DC Shoes
2014-06-20 07:49:05 INFO  WebDriverManager:845 - Page title is DC Shoes Skate, Snowboard & Surf Clothing and Shoes - DC Shoes
2014-06-20 07:50:05 INFO  WebDriverManager:845 - Page title is DC Shoes Skate, Snowboard & Surf Clothing and Shoes - DC Shoes
2014-06-20 07:52:59 INFO  WebDriverManager:845 - Page title is DC Shoes Skate, Snowboard & Surf Clothing and Shoes - DC Shoes
2014-06-20 08:02:01 INFO  WebDriverManager:845 - Page title is DC Shoes Skate, Snowboard & Surf Clothing and Shoes - DC Shoes
2014-06-20 08:02:16 INFO  WebDriverManager:845 - Page title is DC Shoes Skate, Snowboard & Surf Clothing and Shoes - DC Shoes
2014-06-20 08:03:22 INFO  WebDriverManager:845 - Page title is DC Shoes Skate, Snowboard & Surf Clothing and Shoes - DC Shoes
2014-06-20 08:03:59 INFO  WebDriverManager:845 - Page title is DC Shoes Skate, Snowboard & Surf Clothing and Shoes - DC Shoes
2014-06-20 08:05:08 INFO  WebDriverManager:845 - Page title is DC Shoes Skate, Snowboard & Surf Clothing and Shoes - DC Shoes
2014-06-20 08:06:36 INFO  WebDriverManager:845 - Page title is DC Shoes Skate, Snowboard & Surf Clothing and Shoes - DC Shoes
2014-06-20 08:06:52 INFO  WebDriverManager:845 - Page title is DC Shoes Skate, Snowboard & Surf Clothing and Shoes - DC Shoes
2014-06-20 08:08:26 INFO  WebDriverManager:845 - Page title is DC Shoes Skate, Snowboard & Surf Clothing and Shoes - DC Shoes
2014-06-20 09:30:43 INFO  WebDriverManager:804 - Page title is DC Shoes Skate, Snowboard & Surf Clothing and Shoes - DC Shoes
2014-06-20 09:31:28 INFO  WebDriverManager:804 - Page title is DC Shoes Skate, Snowboard & Surf Clothing and Shoes - DC Shoes
2014-06-20 09:32:27 INFO  WebDriverManager:804 - Page title is DC Shoes Skate, Snowboard & Surf Clothing and Shoes - DC Shoes
2014-06-20 10:58:44 INFO  WebDriverManager:804 - Page title is DC Shoes Skate, Snowboard & Surf Clothing and Shoes - DC Shoes
2014-06-20 10:59:27 INFO  WebDriverManager:804 - Page title is DC Shoes Skate, Snowboard & Surf Clothing and Shoes - DC Shoes
2014-06-20 10:59:52 INFO  WebDriverManager:804 - Page title is DC Shoes Skate, Snowboard & Surf Clothing and Shoes - DC Shoes
2014-06-20 11:07:55 INFO  WebDriverManager:804 - Page title is DC Shoes Skate, Snowboard & Surf Clothing and Shoes - DC Shoes
2014-06-20 11:08:36 INFO  WebDriverManager:804 - Page title is DC Shoes Skate, Snowboard & Surf Clothing and Shoes - DC Shoes
2014-06-20 11:09:14 INFO  WebDriverManager:804 - Page title is DC Shoes Skate, Snowboard & Surf Clothing and Shoes - DC Shoes
2014-06-20 11:18:38 INFO  WebDriverManager:804 - Page title is DC Shoes Skate, Snowboard & Surf Clothing and Shoes - DC Shoes
2014-06-20 11:19:41 INFO  WebDriverManager:804 - Page title is DC Shoes Skate, Snowboard & Surf Clothing and Shoes - DC Shoes
2014-06-20 11:20:33 INFO  WebDriverManager:804 - Page title is DC Shoes Skate, Snowboard & Surf Clothing and Shoes - DC Shoes
2014-06-20 11:21:28 INFO  WebDriverManager:804 - Page title is DC Shoes Skate, Snowboard & Surf Clothing and Shoes - DC Shoes
2014-06-20 11:23:02 INFO  WebDriverManager:804 - Page title is DC Shoes Skate, Snowboard & Surf Clothing and Shoes - DC Shoes
2014-06-20 11:24:02 INFO  WebDriverManager:804 - Page title is DC Shoes Skate, Snowboard & Surf Clothing and Shoes - DC Shoes
2014-06-20 11:40:15 INFO  WebDriverManager:804 - Page title is DC Shoes Skate, Snowboard & Surf Clothing and Shoes - DC Shoes
2014-06-20 11:40:54 INFO  WebDriverManager:804 - Page title is DC Shoes Skate, Snowboard & Surf Clothing and Shoes - DC Shoes
2014-06-20 11:44:35 INFO  WebDriverManager:804 - Page title is DC Shoes Skate, Snowboard & Surf Clothing and Shoes - DC Shoes
2014-06-20 11:45:45 INFO  WebDriverManager:804 - Page title is DC Shoes Skate, Snowboard & Surf Clothing and Shoes - DC Shoes
2014-06-20 11:52:33 INFO  WebDriverManager:804 - Page title is DC Shoes Skate, Snowboard & Surf Clothing and Shoes - DC Shoes
2014-06-20 11:53:38 INFO  WebDriverManager:804 - Page title is DC Shoes Skate, Snowboard & Surf Clothing and Shoes - DC Shoes
2014-06-20 11:54:27 INFO  WebDriverManager:804 - Page title is DC Shoes Skate, Snowboard & Surf Clothing and Shoes - DC Shoes
2014-06-20 11:56:01 INFO  WebDriverManager:804 - Page title is DC Shoes Skate, Snowboard & Surf Clothing and Shoes - DC Shoes
2014-06-20 12:18:34 INFO  WebDriverManager:804 - Page title is DC Shoes Skate, Snowboard & Surf Clothing and Shoes - DC Shoes
2014-06-20 12:19:43 INFO  WebDriverManager:804 - Page title is DC Shoes Skate, Snowboard & Surf Clothing and Shoes - DC Shoes
2014-06-20 12:22:34 INFO  WebDriverManager:804 - Page title is DC Shoes Skate, Snowboard & Surf Clothing and Shoes - DC Shoes
2014-06-20 12:23:11 INFO  WebDriverManager:804 - Page title is DC Shoes Skate, Snowboard & Surf Clothing and Shoes - DC Shoes
2014-06-20 12:33:14 INFO  WebDriverManager:804 - Page title is DC Shoes Skate, Snowboard & Surf Clothing and Shoes - DC Shoes
2014-06-20 12:36:47 INFO  WebDriverManager:804 - Page title is DC Shoes Skate, Snowboard & Surf Clothing and Shoes - DC Shoes
2014-06-20 12:37:19 INFO  WebDriverManager:804 - Page title is DC Shoes Skate, Snowboard & Surf Clothing and Shoes - DC Shoes
2014-06-20 12:46:45 INFO  WebDriverManager:804 - Page title is DC Shoes Skate, Snowboard & Surf Clothing and Shoes - DC Shoes
2014-06-20 13:03:07 INFO  WebDriverManager:804 - Page title is DC Shoes Skate, Snowboard & Surf Clothing and Shoes - DC Shoes
2014-06-20 13:05:00 INFO  WebDriverManager:804 - Page title is DC Shoes Skate, Snowboard & Surf Clothing and Shoes - DC Shoes
2014-06-20 13:11:24 INFO  WebDriverManager:804 - Page title is DC Shoes Skate, Snowboard & Surf Clothing and Shoes - DC Shoes
2014-06-20 13:13:01 INFO  WebDriverManager:804 - Page title is DC Shoes Skate, Snowboard & Surf Clothing and Shoes - DC Shoes
2014-06-20 13:13:39 INFO  WebDriverManager:804 - Page title is DC Shoes Skate, Snowboard & Surf Clothing and Shoes - DC Shoes
2014-06-20 13:17:34 INFO  WebDriverManager:804 - Page title is DC Shoes Skate, Snowboard & Surf Clothing and Shoes - DC Shoes
2014-06-20 13:18:12 INFO  WebDriverManager:804 - Page title is DC Shoes Skate, Snowboard & Surf Clothing and Shoes - DC Shoes
2014-06-20 14:40:32 INFO  WebDriverManager:804 - Page title is DC Shoes Skate, Snowboard & Surf Clothing and Shoes - DC Shoes
2014-06-20 14:40:46 INFO  WebDriverManager:804 - Page title is DC Shoes Skate, Snowboard & Surf Clothing and Shoes - DC Shoes
2014-06-20 14:41:02 INFO  WebDriverManager:804 - Page title is DC Shoes Skate, Snowboard & Surf Clothing and Shoes - DC Shoes
2014-06-20 14:42:22 INFO  WebDriverManager:804 - Page title is DC Shoes Skate, Snowboard & Surf Clothing and Shoes - DC Shoes
2014-06-20 14:42:36 INFO  WebDriverManager:804 - Page title is DC Shoes Skate, Snowboard & Surf Clothing and Shoes - DC Shoes
2014-06-20 14:42:55 INFO  WebDriverManager:804 - Page title is DC Shoes Skate, Snowboard & Surf Clothing and Shoes - DC Shoes
2014-06-20 14:44:31 INFO  WebDriverManager:804 - Page title is DC Shoes Skate, Snowboard & Surf Clothing and Shoes - DC Shoes
2014-06-20 14:45:01 INFO  WebDriverManager:804 - Page title is DC Shoes Skate, Snowboard & Surf Clothing and Shoes - DC Shoes
2014-06-20 14:55:35 INFO  WebDriverManager:804 - Page title is DC Shoes Skate, Snowboard & Surf Clothing and Shoes - DC Shoes
2014-06-20 14:56:26 INFO  WebDriverManager:804 - Page title is DC Shoes Skate, Snowboard & Surf Clothing and Shoes - DC Shoes
2014-06-20 15:51:13 INFO  WebDriverManager:804 - Page title is DC Shoes Skate, Snowboard & Surf Clothing and Shoes - DC Shoes
2014-06-20 15:51:44 INFO  WebDriverManager:804 - Page title is DC Shoes Skate, Snowboard & Surf Clothing and Shoes - DC Shoes
2014-06-20 15:56:29 INFO  WebDriverManager:804 - Page title is DC Shoes Skate, Snowboard & Surf Clothing and Shoes - DC Shoes
2014-06-20 15:57:16 INFO  WebDriverManager:804 - Page title is DC Shoes Skate, Snowboard & Surf Clothing and Shoes - DC Shoes
2014-06-20 15:59:08 INFO  WebDriverManager:804 - Page title is DC Shoes Skate, Snowboard & Surf Clothing and Shoes - DC Shoes
2014-06-20 15:59:49 INFO  WebDriverManager:804 - Page title is DC Shoes Skate, Snowboard & Surf Clothing and Shoes - DC Shoes
2014-06-20 16:01:18 INFO  WebDriverManager:804 - Page title is DC Shoes Skate, Snowboard & Surf Clothing and Shoes - DC Shoes
2014-06-20 16:31:46 INFO  WebDriverManager:804 - Page title is DC Shoes Skate, Snowboard & Surf Clothing and Shoes - DC Shoes
2014-06-20 16:32:48 INFO  WebDriverManager:804 - Page title is DC Shoes Skate, Snowboard & Surf Clothing and Shoes - DC Shoes
2014-06-20 16:34:11 INFO  WebDriverManager:804 - Page title is DC Shoes Skate, Snowboard & Surf Clothing and Shoes - DC Shoes
2014-06-20 16:37:03 INFO  WebDriverManager:804 - Page title is DC Shoes Skate, Snowboard & Surf Clothing and Shoes - DC Shoes
2014-06-20 16:38:02 INFO  WebDriverManager:804 - Page title is DC Shoes Skate, Snowboard & Surf Clothing and Shoes - DC Shoes
2014-06-20 16:40:22 INFO  WebDriverManager:804 - Page title is DC Shoes Skate, Snowboard & Surf Clothing and Shoes - DC Shoes
2014-06-20 16:41:11 INFO  WebDriverManager:804 - Page title is DC Shoes Skate, Snowboard & Surf Clothing and Shoes - DC Shoes
2014-06-20 16:50:19 INFO  WebDriverManager:804 - Page title is DC Shoes Skate, Snowboard & Surf Clothing and Shoes - DC Shoes
2014-06-20 16:50:59 INFO  WebDriverManager:804 - Page title is DC Shoes Skate, Snowboard & Surf Clothing and Shoes - DC Shoes
2014-06-20 16:52:39 INFO  WebDriverManager:804 - Page title is DC Shoes Skate, Snowboard & Surf Clothing and Shoes - DC Shoes
2014-06-20 16:53:22 INFO  WebDriverManager:804 - Page title is DC Shoes Skate, Snowboard & Surf Clothing and Shoes - DC Shoes
2014-06-20 16:54:43 INFO  WebDriverManager:804 - Page title is DC Shoes Skate, Snowboard & Surf Clothing and Shoes - DC Shoes
2014-06-20 16:55:25 INFO  WebDriverManager:804 - Page title is DC Shoes Skate, Snowboard & Surf Clothing and Shoes - DC Shoes
2014-06-20 17:01:29 INFO  WebDriverManager:804 - Page title is DC Shoes Skate, Snowboard & Surf Clothing and Shoes - DC Shoes
2014-06-20 17:01:58 INFO  WebDriverManager:804 - Page title is DC Shoes Skate, Snowboard & Surf Clothing and Shoes - DC Shoes
2014-06-20 17:07:15 INFO  WebDriverManager:804 - Page title is DC Shoes Skate, Snowboard & Surf Clothing and Shoes - DC Shoes
2014-06-20 17:09:06 INFO  WebDriverManager:804 - Page title is DC Shoes Skate, Snowboard & Surf Clothing and Shoes - DC Shoes
2014-06-20 17:09:42 INFO  WebDriverManager:804 - Page title is DC Shoes Skate, Snowboard & Surf Clothing and Shoes - DC Shoes
2014-06-20 17:10:42 INFO  WebDriverManager:804 - Page title is DC Shoes Skate, Snowboard & Surf Clothing and Shoes - DC Shoes
2014-06-20 17:11:45 INFO  WebDriverManager:804 - Page title is DC Shoes Skate, Snowboard & Surf Clothing and Shoes - DC Shoes
2014-06-20 17:14:07 INFO  WebDriverManager:804 - Page title is DC Shoes Skate, Snowboard & Surf Clothing and Shoes - DC Shoes
2014-06-20 17:15:07 INFO  WebDriverManager:804 - Page title is DC Shoes Skate, Snowboard & Surf Clothing and Shoes - DC Shoes
2014-06-20 17:16:38 INFO  WebDriverManager:804 - Page title is DC Shoes Skate, Snowboard & Surf Clothing and Shoes - DC Shoes
2014-06-20 17:16:52 INFO  WebDriverManager:804 - Page title is DC Shoes Skate, Snowboard & Surf Clothing and Shoes - DC Shoes
2014-06-20 17:17:09 INFO  WebDriverManager:804 - Page title is DC Shoes Skate, Snowboard & Surf Clothing and Shoes - DC Shoes
2014-06-20 17:17:38 INFO  WebDriverManager:804 - Page title is DC Shoes Skate, Snowboard & Surf Clothing and Shoes - DC Shoes
2014-06-20 17:18:43 INFO  WebDriverManager:804 - Page title is DC Shoes Skate, Snowboard & Surf Clothing and Shoes - DC Shoes
2014-06-20 17:19:40 INFO  WebDriverManager:804 - Page title is DC Shoes Skate, Snowboard & Surf Clothing and Shoes - DC Shoes
2014-06-20 17:20:12 INFO  WebDriverManager:804 - Page title is DC Shoes Skate, Snowboard & Surf Clothing and Shoes - DC Shoes
2014-06-20 17:20:41 INFO  WebDriverManager:804 - Page title is DC Shoes Skate, Snowboard & Surf Clothing and Shoes - DC Shoes
2014-06-20 17:30:18 INFO  WebDriverManager:804 - Page title is DC Shoes Skate, Snowboard & Surf Clothing and Shoes - DC Shoes
2014-06-20 17:36:16 INFO  WebDriverManager:804 - Page title is DC Shoes Skate, Snowboard & Surf Clothing and Shoes - DC Shoes
2014-06-20 17:36:56 INFO  WebDriverManager:804 - Page title is DC Shoes Skate, Snowboard & Surf Clothing and Shoes - DC Shoes
2014-06-20 17:37:28 INFO  WebDriverManager:804 - Page title is DC Shoes Skate, Snowboard & Surf Clothing and Shoes - DC Shoes
2014-06-20 17:41:03 INFO  WebDriverManager:804 - Page title is DC Shoes Skate, Snowboard & Surf Clothing and Shoes - DC Shoes
2014-06-20 17:54:56 INFO  WebDriverManager:804 - Page title is DC Shoes Skate, Snowboard & Surf Clothing and Shoes - DC Shoes
2014-06-20 18:03:43 INFO  WebDriverManager:804 - Page title is DC Shoes Skate, Snowboard & Surf Clothing and Shoes - DC Shoes
2014-06-20 18:13:46 INFO  WebDriverManager:804 - Page title is DC Shoes Skate, Snowboard & Surf Clothing and Shoes - DC Shoes
2014-06-27 15:08:54 INFO  WebDriverManager:804 - Page title is DC Shoes Skate, Snowboard & Surf Clothing and Shoes - DC Shoes
2014-06-27 15:09:49 INFO  WebDriverManager:804 - Page title is DC Shoes Skate, Snowboard & Surf Clothing and Shoes - DC Shoes
2014-06-27 15:10:31 INFO  WebDriverManager:804 - Page title is DC Shoes Skate, Snowboard & Surf Clothing and Shoes - DC Shoes
2014-06-27 15:11:35 INFO  WebDriverManager:804 - Page title is DC Shoes Skate, Snowboard & Surf Clothing and Shoes - DC Shoes
2014-06-27 17:18:30 INFO  WebDriverManager:804 - Page title is DC Shoes Skate, Snowboard & Surf Clothing and Shoes - DC Shoes
2014-06-28 13:58:55 INFO  WebDriverManager:804 - Page title is DC Shoes Skate, Snowboard & Surf Clothing and Shoes - DC Shoes
2014-06-28 14:06:35 INFO  WebDriverManager:804 - Page title is DC Shoes Skate, Snowboard & Surf Clothing and Shoes - DC Shoes
2014-06-28 14:08:40 INFO  WebDriverManager:804 - Page title is DC Shoes Skate, Snowboard & Surf Clothing and Shoes - DC Shoes
2014-06-28 14:12:18 INFO  WebDriverManager:804 - Page title is DC Shoes Skate, Snowboard & Surf Clothing and Shoes - DC Shoes
2014-06-28 14:34:43 INFO  WebDriverManager:804 - Page title is DC Shoes Skate, Snowboard & Surf Clothing and Shoes - DC Shoes
2014-06-28 14:35:18 INFO  WebDriverManager:804 - Page title is DC Shoes Skate, Snowboard & Surf Clothing and Shoes - DC Shoes
2014-06-28 14:35:44 INFO  WebDriverManager:804 - Page title is DC Shoes Skate, Snowboard & Surf Clothing and Shoes - DC Shoes
2014-06-28 14:36:14 INFO  WebDriverManager:804 - Page title is DC Shoes Skate, Snowboard & Surf Clothing and Shoes - DC Shoes
2014-06-28 14:38:49 INFO  WebDriverManager:804 - Page title is DC Shoes Skate, Snowboard & Surf Clothing and Shoes - DC Shoes
2014-06-28 14:39:13 INFO  WebDriverManager:804 - Page title is DC Shoes Skate, Snowboard & Surf Clothing and Shoes - DC Shoes
2014-06-28 14:39:37 INFO  WebDriverManager:804 - Page title is DC Shoes Skate, Snowboard & Surf Clothing and Shoes - DC Shoes
2014-06-28 14:40:01 INFO  WebDriverManager:804 - Page title is DC Shoes Skate, Snowboard & Surf Clothing and Shoes - DC Shoes
2014-06-28 20:06:00 INFO  WebDriverManager:804 - Page title is http//www.stg.dcshoes.com/ - Google Search
2014-06-28 20:08:36 INFO  WebDriverManager:804 - Page title is DC Shoes | Skate & Snowboard Quality Clothing - DC Shoes
2014-06-28 20:08:58 INFO  WebDriverManager:804 - Page title is DC Shoes | Skate & Snowboard Quality Clothing - DC Shoes
2014-06-28 20:09:21 INFO  WebDriverManager:804 - Page title is DC Shoes | Skate & Snowboard Quality Clothing - DC Shoes
2014-06-29 10:46:46 INFO  WebDriverManager:804 - Page title is DC Shoes | Skate & Snowboard Quality Clothing - DC Shoes
2014-06-29 10:46:55 INFO  WebDriverManager:804 - Page title is DC Shoes | Skate & Snowboard Quality Clothing - DC Shoes
2014-06-29 10:47:01 INFO  WebDriverManager:804 - Page title is DC Shoes | Skate & Snowboard Quality Clothing - DC Shoes
2014-06-29 10:49:30 INFO  WebDriverManager:804 - Page title is DC Shoes | Skate & Snowboard Quality Clothing - DC Shoes
2014-06-29 10:49:37 INFO  WebDriverManager:804 - Page title is DC Shoes | Skate & Snowboard Quality Clothing - DC Shoes
2014-06-29 10:49:43 INFO  WebDriverManager:804 - Page title is DC Shoes | Skate & Snowboard Quality Clothing - DC Shoes
2014-06-29 10:50:32 INFO  WebDriverManager:804 - Page title is DC Shoes | Skate & Snowboard Quality Clothing - DC Shoes
2014-06-29 10:50:38 INFO  WebDriverManager:804 - Page title is DC Shoes | Skate & Snowboard Quality Clothing - DC Shoes
2014-06-29 10:50:44 INFO  WebDriverManager:804 - Page title is DC Shoes | Skate & Snowboard Quality Clothing - DC Shoes
2014-06-29 10:52:12 INFO  WebDriverManager:804 - Page title is DC Shoes | Skate & Snowboard Quality Clothing - DC Shoes
2014-06-29 10:56:00 INFO  WebDriverManager:804 - Page title is DC Shoes | Skate & Snowboard Quality Clothing - DC Shoes
2014-06-29 10:56:09 INFO  WebDriverManager:804 - Page title is DC Shoes | Skate & Snowboard Quality Clothing - DC Shoes
2014-06-29 10:56:16 INFO  WebDriverManager:804 - Page title is DC Shoes | Skate & Snowboard Quality Clothing - DC Shoes
2014-06-29 10:58:00 INFO  WebDriverManager:804 - Page title is DC Shoes | Skate & Snowboard Quality Clothing - DC Shoes
2014-06-29 10:58:12 INFO  WebDriverManager:804 - Page title is DC Shoes | Skate & Snowboard Quality Clothing - DC Shoes
2014-06-29 11:21:15 INFO  WebDriverManager:804 - Page title is DC Shoes | Skate & Snowboard Quality Clothing - DC Shoes
2014-06-29 11:21:25 INFO  WebDriverManager:804 - Page title is DC Shoes | Skate & Snowboard Quality Clothing - DC Shoes
2014-06-29 11:31:00 INFO  WebDriverManager:804 - Page title is DC Shoes | Skate & Snowboard Quality Clothing - DC Shoes
2014-06-29 11:32:32 INFO  WebDriverManager:804 - Page title is DC Shoes | Skate & Snowboard Quality Clothing - DC Shoes
2014-06-29 11:32:40 INFO  WebDriverManager:804 - Page title is DC Shoes | Skate & Snowboard Quality Clothing - DC Shoes
2014-06-29 11:32:47 INFO  WebDriverManager:804 - Page title is DC Shoes | Skate & Snowboard Quality Clothing - DC Shoes
2014-06-29 11:43:47 INFO  WebDriverManager:804 - Page title is DC Shoes | Skate & Snowboard Quality Clothing - DC Shoes
2014-06-29 11:43:57 INFO  WebDriverManager:804 - Page title is DC Shoes | Skate & Snowboard Quality Clothing - DC Shoes
2014-06-29 11:45:50 INFO  WebDriverManager:804 - Page title is DC Shoes | Skate & Snowboard Quality Clothing - DC Shoes
2014-06-29 11:54:49 INFO  WebDriverManager:804 - Page title is DC Shoes | Skate & Snowboard Quality Clothing - DC Shoes
2014-06-29 11:54:57 INFO  WebDriverManager:804 - Page title is DC Shoes | Skate & Snowboard Quality Clothing - DC Shoes
2014-06-29 11:55:03 INFO  WebDriverManager:804 - Page title is DC Shoes | Skate & Snowboard Quality Clothing - DC Shoes
2014-06-29 11:56:52 INFO  WebDriverManager:804 - Page title is DC Shoes | Skate & Snowboard Quality Clothing - DC Shoes
2014-06-29 11:57:01 INFO  WebDriverManager:804 - Page title is DC Shoes | Skate & Snowboard Quality Clothing - DC Shoes
2014-06-29 12:51:23 INFO  WebDriverManager:804 - Page title is DC Shoes | Skate & Snowboard Quality Clothing - DC Shoes
2014-06-29 12:51:30 INFO  WebDriverManager:804 - Page title is DC Shoes | Skate & Snowboard Quality Clothing - DC Shoes
2014-06-29 12:51:40 INFO  WebDriverManager:804 - Page title is DC Shoes | Skate & Snowboard Quality Clothing - DC Shoes
2014-06-29 12:56:30 INFO  WebDriverManager:804 - Page title is DC Shoes | Skate & Snowboard Quality Clothing - DC Shoes
2014-06-29 12:56:38 INFO  WebDriverManager:804 - Page title is DC Shoes | Skate & Snowboard Quality Clothing - DC Shoes
2014-06-29 12:56:47 INFO  WebDriverManager:804 - Page title is DC Shoes | Skate & Snowboard Quality Clothing - DC Shoes
2014-06-29 12:58:48 INFO  WebDriverManager:804 - Page title is DC Shoes | Skate & Snowboard Quality Clothing - DC Shoes
2014-06-29 12:58:58 INFO  WebDriverManager:804 - Page title is DC Shoes | Skate & Snowboard Quality Clothing - DC Shoes
2014-06-29 12:59:07 INFO  WebDriverManager:804 - Page title is DC Shoes | Skate & Snowboard Quality Clothing - DC Shoes
2014-06-29 13:02:46 INFO  WebDriverManager:804 - Page title is DC Shoes | Skate & Snowboard Quality Clothing - DC Shoes
2014-06-29 13:03:02 INFO  WebDriverManager:804 - Page title is DC Shoes | Skate & Snowboard Quality Clothing - DC Shoes
2014-06-29 13:03:21 INFO  WebDriverManager:804 - Page title is DC Shoes | Skate & Snowboard Quality Clothing - DC Shoes
2014-06-29 15:55:15 INFO  WebDriverManager:804 - Page title is DC Shoes | Skate & Snowboard Quality Clothing - DC Shoes
2014-06-29 15:56:17 INFO  WebDriverManager:804 - Page title is DC Shoes | Skate & Snowboard Quality Clothing - DC Shoes
2014-06-29 15:57:16 INFO  WebDriverManager:804 - Page title is DC Shoes | Skate & Snowboard Quality Clothing - DC Shoes
2014-06-29 16:22:05 INFO  WebDriverManager:804 - Page title is DC Shoes | Skate & Snowboard Quality Clothing - DC Shoes
2014-06-29 16:22:31 INFO  WebDriverManager:804 - Page title is DC Shoes | Skate & Snowboard Quality Clothing - DC Shoes
2014-06-29 16:22:55 INFO  WebDriverManager:804 - Page title is DC Shoes | Skate & Snowboard Quality Clothing - DC Shoes
2014-06-29 16:24:06 INFO  WebDriverManager:804 - Page title is DC Shoes Skate, Snowboard & Surf Clothing and Shoes - DC Shoes
2014-06-29 16:27:18 INFO  WebDriverManager:804 - Page title is DC Shoes Skate, Snowboard & Surf Clothing and Shoes - DC Shoes
2014-06-29 16:27:31 INFO  WebDriverManager:804 - Page title is DC Shoes Skate, Snowboard & Surf Clothing and Shoes - DC Shoes
2014-06-29 16:27:45 INFO  WebDriverManager:804 - Page title is DC Shoes Skate, Snowboard & Surf Clothing and Shoes - DC Shoes
2014-06-29 16:43:01 INFO  WebDriverManager:804 - Page title is DC Shoes Skate, Snowboard & Surf Clothing and Shoes - DC Shoes
2014-06-29 16:44:25 INFO  WebDriverManager:804 - Page title is DC Shoes Skate, Snowboard & Surf Clothing and Shoes - DC Shoes
2014-06-29 16:45:04 INFO  WebDriverManager:804 - Page title is DC Shoes Skate, Snowboard & Surf Clothing and Shoes - DC Shoes
2014-06-29 16:47:58 INFO  WebDriverManager:804 - Page title is DC Shoes | Skate & Snowboard Quality Clothing - DC Shoes
2014-06-29 16:48:54 INFO  WebDriverManager:804 - Page title is DC Shoes | Skate & Snowboard Quality Clothing - DC Shoes
2014-06-29 16:49:26 INFO  WebDriverManager:804 - Page title is DC Shoes | Skate & Snowboard Quality Clothing - DC Shoes
2014-06-29 16:53:55 INFO  WebDriverManager:804 - Page title is DC Shoes | Skate & Snowboard Quality Clothing - DC Shoes
2014-06-29 16:54:49 INFO  WebDriverManager:804 - Page title is DC Shoes Skate, Snowboard & Surf Clothing and Shoes - DC Shoes
2014-06-29 16:55:46 INFO  WebDriverManager:804 - Page title is DC Shoes | Skate & Snowboard Quality Clothing - DC Shoes
2014-06-29 17:01:35 INFO  WebDriverManager:804 - Page title is DC Shoes Skate, Snowboard & Surf Clothing and Shoes - DC Shoes
2014-06-29 17:13:32 INFO  WebDriverManager:804 - Page title is DC Shoes Skate, Snowboard & Surf Clothing and Shoes - DC Shoes
2014-06-29 19:09:57 INFO  WebDriverManager:804 - Page title is DC Shoes Skate, Snowboard & Surf Clothing and Shoes - DC Shoes
2014-06-29 19:10:51 INFO  WebDriverManager:804 - Page title is DC Shoes Skate, Snowboard & Surf Clothing and Shoes - DC Shoes
2014-06-29 19:11:23 INFO  WebDriverManager:804 - Page title is DC Shoes Skate, Snowboard & Surf Clothing and Shoes - DC Shoes
2014-06-29 19:12:37 INFO  WebDriverManager:804 - Page title is DC Shoes | Skate & Snowboard Quality Clothing - DC Shoes
2014-06-29 19:13:39 INFO  WebDriverManager:804 - Page title is DC Shoes | Skate & Snowboard Quality Clothing - DC Shoes
2014-06-29 19:14:24 INFO  WebDriverManager:804 - Page title is DC Shoes | Skate & Snowboard Quality Clothing - DC Shoes
2014-06-29 19:14:50 INFO  WebDriverManager:804 - Page title is DC Shoes | Skate & Snowboard Quality Clothing - DC Shoes
2014-06-29 19:15:22 INFO  WebDriverManager:804 - Page title is DC Shoes | Skate & Snowboard Quality Clothing - DC Shoes
2014-06-29 20:58:09 INFO  WebDriverManager:804 - Page title is DC Shoes | Skate & Snowboard Quality Clothing - DC Shoes
2014-06-29 20:59:40 INFO  WebDriverManager:804 - Page title is DC Shoes | Skate & Snowboard Quality Clothing - DC Shoes
2014-06-29 21:31:36 INFO  WebDriverManager:804 - Page title is DC Shoes | Skate & Snowboard Quality Clothing - DC Shoes
2014-06-29 21:54:16 INFO  WebDriverManager:804 - Page title is DC Shoes | Skate & Snowboard Quality Clothing - DC Shoes
2014-06-29 21:57:40 INFO  WebDriverManager:804 - Page title is DC Shoes | Skate & Snowboard Quality Clothing - DC Shoes
2014-06-29 21:59:31 INFO  WebDriverManager:804 - Page title is DC Shoes Skate, Snowboard & Surf Clothing and Shoes - DC Shoes
2014-06-29 22:01:52 INFO  WebDriverManager:804 - Page title is DC Shoes | Skate & Snowboard Quality Clothing - DC Shoes
2014-06-29 22:02:22 INFO  WebDriverManager:804 - Page title is DC Shoes | Skate & Snowboard Quality Clothing - DC Shoes
2014-06-29 22:05:32 INFO  WebDriverManager:804 - Page title is DC Shoes | Skate & Snowboard Quality Clothing - DC Shoes
2014-06-29 22:05:48 INFO  WebDriverManager:804 - Page title is DC Shoes | Skate & Snowboard Quality Clothing - DC Shoes
2014-06-29 22:06:39 INFO  WebDriverManager:804 - Page title is DC Shoes | Skate & Snowboard Quality Clothing - DC Shoes
2014-06-29 22:09:39 INFO  WebDriverManager:804 - Page title is DC Shoes | Skate & Snowboard Quality Clothing - DC Shoes
2014-06-29 22:17:43 INFO  WebDriverManager:804 - Page title is DC Shoes | Skate & Snowboard Quality Clothing - DC Shoes
2014-06-29 22:18:22 INFO  WebDriverManager:804 - Page title is DC Shoes | Skate & Snowboard Quality Clothing - DC Shoes
2014-06-29 22:18:41 INFO  WebDriverManager:804 - Page title is DC Shoes | Skate & Snowboard Quality Clothing - DC Shoes
2014-06-29 22:19:50 INFO  WebDriverManager:804 - Page title is DC Shoes Skate, Snowboard & Surf Clothing and Shoes - DC Shoes
2014-06-29 22:20:57 INFO  WebDriverManager:804 - Page title is DC Shoes Skate, Snowboard & Surf Clothing and Shoes - DC Shoes
2014-06-29 22:21:31 INFO  WebDriverManager:804 - Page title is DC Shoes Skate, Snowboard & Surf Clothing and Shoes - DC Shoes
2014-06-29 22:23:29 INFO  WebDriverManager:804 - Page title is DC Shoes Skate, Snowboard & Surf Clothing and Shoes - DC Shoes
2014-06-29 22:28:20 INFO  WebDriverManager:804 - Page title is DC Shoes Skate, Snowboard & Surf Clothing and Shoes - DC Shoes
2014-06-29 22:37:19 INFO  WebDriverManager:804 - Page title is DC Shoes Skate, Snowboard & Surf Clothing and Shoes - DC Shoes
2014-06-29 22:55:06 INFO  WebDriverManager:804 - Page title is DC Shoes | Skate & Snowboard Quality Clothing - DC Shoes
2014-06-29 22:55:33 INFO  WebDriverManager:804 - Page title is DC Shoes | Skate & Snowboard Quality Clothing - DC Shoes
2014-06-29 22:55:57 INFO  WebDriverManager:804 - Page title is DC Shoes | Skate & Snowboard Quality Clothing - DC Shoes
2014-06-29 22:58:26 INFO  WebDriverManager:804 - Page title is DC Shoes | Skate & Snowboard Quality Clothing - DC Shoes
2014-06-29 22:58:44 INFO  WebDriverManager:804 - Page title is DC Shoes | Skate & Snowboard Quality Clothing - DC Shoes
2014-06-29 22:59:08 INFO  WebDriverManager:804 - Page title is DC Shoes | Skate & Snowboard Quality Clothing - DC Shoes
2014-06-29 23:02:01 INFO  WebDriverManager:804 - Page title is DC Shoes | Skate & Snowboard Quality Clothing - DC Shoes
2014-06-29 23:13:15 INFO  WebDriverManager:804 - Page title is DC Shoes | Skate & Snowboard Quality Clothing - DC Shoes
2014-06-29 23:14:55 INFO  WebDriverManager:804 - Page title is DC Shoes | Skate & Snowboard Quality Clothing - DC Shoes
2014-06-29 23:25:29 INFO  WebDriverManager:804 - Page title is DC Shoes | Skate & Snowboard Quality Clothing - DC Shoes
2014-06-29 23:26:14 INFO  WebDriverManager:804 - Page title is DC Shoes | Skate & Snowboard Quality Clothing - DC Shoes
2014-06-29 23:26:40 INFO  WebDriverManager:804 - Page title is DC Shoes | Skate & Snowboard Quality Clothing - DC Shoes
2014-06-29 23:33:45 INFO  WebDriverManager:804 - Page title is DC Shoes | Skate & Snowboard Quality Clothing - DC Shoes
2014-06-29 23:34:30 INFO  WebDriverManager:804 - Page title is DC Shoes | Skate & Snowboard Quality Clothing - DC Shoes
2014-06-29 23:35:03 INFO  WebDriverManager:804 - Page title is DC Shoes | Skate & Snowboard Quality Clothing - DC Shoes
2014-06-29 23:40:00 INFO  WebDriverManager:804 - Page title is DC Shoes | Skate & Snowboard Quality Clothing - DC Shoes
2014-06-29 23:40:44 INFO  WebDriverManager:804 - Page title is DC Shoes | Skate & Snowboard Quality Clothing - DC Shoes
2014-06-29 23:41:14 INFO  WebDriverManager:804 - Page title is DC Shoes | Skate & Snowboard Quality Clothing - DC Shoes
2014-06-29 23:43:31 INFO  WebDriverManager:804 - Page title is DC Shoes | Skate & Snowboard Quality Clothing - DC Shoes
2014-06-29 23:44:19 INFO  WebDriverManager:804 - Page title is DC Shoes | Skate & Snowboard Quality Clothing - DC Shoes
2014-06-29 23:45:15 INFO  WebDriverManager:804 - Page title is DC Shoes | Skate & Snowboard Quality Clothing - DC Shoes
2014-06-29 23:46:00 INFO  WebDriverManager:804 - Page title is DC Shoes | Skate & Snowboard Quality Clothing - DC Shoes
2014-06-29 23:51:42 INFO  WebDriverManager:804 - Page title is DC Shoes | Skate & Snowboard Quality Clothing - DC Shoes
2014-06-29 23:52:32 INFO  WebDriverManager:804 - Page title is DC Shoes | Skate & Snowboard Quality Clothing - DC Shoes
2014-06-29 23:53:27 INFO  WebDriverManager:804 - Page title is DC Shoes | Skate & Snowboard Quality Clothing - DC Shoes
2014-06-29 23:54:17 INFO  WebDriverManager:804 - Page title is DC Shoes | Skate & Snowboard Quality Clothing - DC Shoes
2014-06-29 23:55:07 INFO  WebDriverManager:804 - Page title is DC Shoes | Skate & Snowboard Quality Clothing - DC Shoes
2014-06-29 23:56:00 INFO  WebDriverManager:804 - Page title is DC Shoes | Skate & Snowboard Quality Clothing - DC Shoes
2014-06-30 00:02:29 INFO  WebDriverManager:804 - Page title is DC Shoes | Skate & Snowboard Quality Clothing - DC Shoes
2014-06-30 00:03:18 INFO  WebDriverManager:804 - Page title is DC Shoes | Skate & Snowboard Quality Clothing - DC Shoes
2014-06-30 00:04:38 INFO  WebDriverManager:804 - Page title is DC Shoes | Skate & Snowboard Quality Clothing - DC Shoes
2014-06-30 00:05:08 INFO  WebDriverManager:804 - Page title is DC Shoes | Skate & Snowboard Quality Clothing - DC Shoes
2014-06-30 00:05:45 INFO  WebDriverManager:804 - Page title is DC Shoes | Skate & Snowboard Quality Clothing - DC Shoes
2014-06-30 00:07:05 INFO  WebDriverManager:804 - Page title is DC Shoes | Skate & Snowboard Quality Clothing - DC Shoes
2014-06-30 00:07:57 INFO  WebDriverManager:804 - Page title is DC Shoes | Skate & Snowboard Quality Clothing - DC Shoes
2014-06-30 00:13:41 INFO  WebDriverManager:804 - Page title is DC Shoes | Skate & Snowboard Quality Clothing - DC Shoes
2014-06-30 00:18:15 INFO  WebDriverManager:804 - Page title is DC Shoes | Skate & Snowboard Quality Clothing - DC Shoes
2014-06-30 00:23:21 INFO  WebDriverManager:804 - Page title is DC Shoes | Skate & Snowboard Quality Clothing - DC Shoes
2014-06-30 00:26:30 INFO  WebDriverManager:804 - Page title is DC Shoes | Skate & Snowboard Quality Clothing - DC Shoes
2014-06-30 00:27:28 INFO  WebDriverManager:804 - Page title is DC Shoes | Skate & Snowboard Quality Clothing - DC Shoes
2014-06-30 00:28:32 INFO  WebDriverManager:804 - Page title is DC Shoes | Skate & Snowboard Quality Clothing - DC Shoes
2014-06-30 00:29:24 INFO  WebDriverManager:804 - Page title is DC Shoes | Skate & Snowboard Quality Clothing - DC Shoes
2014-06-30 00:29:54 INFO  WebDriverManager:804 - Page title is DC Shoes | Skate & Snowboard Quality Clothing - DC Shoes
2014-06-30 00:30:26 INFO  WebDriverManager:804 - Page title is DC Shoes | Skate & Snowboard Quality Clothing - DC Shoes
2014-06-30 00:32:32 INFO  WebDriverManager:804 - Page title is DC Shoes | Skate & Snowboard Quality Clothing - DC Shoes
2014-06-30 00:33:04 INFO  WebDriverManager:804 - Page title is DC Shoes | Skate & Snowboard Quality Clothing - DC Shoes
2014-06-30 00:35:07 INFO  WebDriverManager:804 - Page title is DC Shoes | Skate & Snowboard Quality Clothing - DC Shoes
2014-06-30 00:39:30 INFO  WebDriverManager:804 - Page title is DC Shoes | Skate & Snowboard Quality Clothing - DC Shoes
2014-06-30 14:27:57 INFO  WebDriverManager:804 - Page title is DC Shoes Skate, Snowboard & Surf Clothing and Shoes - DC Shoes
2014-06-30 14:29:30 INFO  WebDriverManager:804 - Page title is DC Shoes Skate, Snowboard & Surf Clothing and Shoes - DC Shoes
2014-06-30 14:30:14 INFO  WebDriverManager:804 - Page title is DC Shoes Skate, Snowboard & Surf Clothing and Shoes - DC Shoes
2014-06-30 14:30:52 INFO  WebDriverManager:804 - Page title is DC Shoes Skate, Snowboard & Surf Clothing and Shoes - DC Shoes
2014-06-30 14:32:37 INFO  WebDriverManager:804 - Page title is DC Shoes Skate, Snowboard & Surf Clothing and Shoes - DC Shoes
2014-06-30 14:33:44 INFO  WebDriverManager:804 - Page title is DC Shoes Skate, Snowboard & Surf Clothing and Shoes - DC Shoes
2014-06-30 14:34:54 INFO  WebDriverManager:804 - Page title is DC Shoes Skate, Snowboard & Surf Clothing and Shoes - DC Shoes
2014-06-30 14:36:17 INFO  WebDriverManager:804 - Page title is DC Shoes Skate, Snowboard & Surf Clothing and Shoes - DC Shoes
2014-06-30 14:37:20 INFO  WebDriverManager:804 - Page title is DC Shoes Skate, Snowboard & Surf Clothing and Shoes - DC Shoes
2014-06-30 14:39:14 INFO  WebDriverManager:804 - Page title is DC Shoes Skate, Snowboard & Surf Clothing and Shoes - DC Shoes
2014-06-30 14:39:29 INFO  WebDriverManager:804 - Page title is DC Shoes Skate, Snowboard & Surf Clothing and Shoes - DC Shoes
2014-06-30 14:39:50 INFO  WebDriverManager:804 - Page title is DC Shoes Skate, Snowboard & Surf Clothing and Shoes - DC Shoes
2014-06-30 14:40:24 INFO  WebDriverManager:804 - Page title is DC Shoes Skate, Snowboard & Surf Clothing and Shoes - DC Shoes
2014-06-30 14:41:30 INFO  WebDriverManager:804 - Page title is DC Shoes Skate, Snowboard & Surf Clothing and Shoes - DC Shoes
2014-06-30 21:53:52 INFO  WebDriverManager:804 - Page title is DC Shoes Skate, Snowboard & Surf Clothing and Shoes - DC Shoes
2014-06-30 23:30:38 INFO  WebDriverManager:804 - Page title is DC Shoes Skate, Snowboard & Surf Clothing and Shoes - DC Shoes
2014-06-30 23:32:43 INFO  WebDriverManager:804 - Page title is DC Shoes Skate, Snowboard & Surf Clothing and Shoes - DC Shoes
2014-06-30 23:41:17 INFO  WebDriverManager:804 - Page title is DC Shoes | Skate & Snowboard Quality Clothing - DC Shoes
2014-06-30 23:42:23 INFO  WebDriverManager:804 - Page title is DC Shoes | Skate & Snowboard Quality Clothing - DC Shoes
2014-07-02 23:54:18 INFO  WebDriverManager:804 - Page title is DC Shoes | Skate & Snowboard Quality Clothing - DC Shoes
2014-07-02 23:55:32 INFO  WebDriverManager:804 - Page title is DC Shoes | Skate & Snowboard Quality Clothing - DC Shoes
2014-07-04 13:37:47 INFO  WebDriverManager:804 - Page title is DC Shoes | Skate & Snowboard Quality Clothing - DC Shoes
2014-07-04 13:38:46 INFO  WebDriverManager:804 - Page title is DC Shoes | Skate & Snowboard Quality Clothing - DC Shoes
2014-07-04 14:29:45 INFO  WebDriverManager:804 - Page title is DC Shoes | Skate & Snowboard Quality Clothing - DC Shoes
2014-07-04 14:30:22 INFO  WebDriverManager:804 - Page title is DC Shoes | Skate & Snowboard Quality Clothing - DC Shoes
2014-07-04 14:41:16 INFO  WebDriverManager:804 - Page title is DC Shoes | Skate & Snowboard Quality Clothing - DC Shoes
2014-07-04 14:42:13 INFO  WebDriverManager:804 - Page title is DC Shoes | Skate & Snowboard Quality Clothing - DC Shoes
2014-07-04 14:43:35 INFO  WebDriverManager:804 - Page title is DC Shoes | Skate & Snowboard Quality Clothing - DC Shoes
2014-07-04 14:44:25 INFO  WebDriverManager:804 - Page title is DC Shoes | Skate & Snowboard Quality Clothing - DC Shoes
2014-07-04 14:45:07 INFO  WebDriverManager:804 - Page title is DC Shoes | Skate & Snowboard Quality Clothing - DC Shoes
2014-07-04 14:45:43 INFO  WebDriverManager:804 - Page title is DC Shoes | Skate & Snowboard Quality Clothing - DC Shoes
2014-07-04 14:50:04 INFO  WebDriverManager:804 - Page title is DC Shoes | Skate & Snowboard Quality Clothing - DC Shoes
2014-07-04 14:50:54 INFO  WebDriverManager:804 - Page title is DC Shoes | Skate & Snowboard Quality Clothing - DC Shoes
2014-07-04 14:53:06 INFO  WebDriverManager:804 - Page title is DC Shoes | Skate & Snowboard Quality Clothing - DC Shoes
2014-07-04 14:53:53 INFO  WebDriverManager:804 - Page title is DC Shoes | Skate & Snowboard Quality Clothing - DC Shoes
2014-07-04 14:54:53 INFO  WebDriverManager:804 - Page title is DC Shoes | Skate & Snowboard Quality Clothing - DC Shoes
2014-07-04 14:55:46 INFO  WebDriverManager:804 - Page title is DC Shoes | Skate & Snowboard Quality Clothing - DC Shoes
2014-07-04 14:58:36 INFO  WebDriverManager:804 - Page title is DC Shoes | Skate & Snowboard Quality Clothing - DC Shoes
2014-07-04 15:00:26 INFO  WebDriverManager:804 - Page title is DC Shoes | Skate & Snowboard Quality Clothing - DC Shoes
2014-07-04 15:04:15 INFO  WebDriverManager:804 - Page title is DC Shoes | Skate & Snowboard Quality Clothing - DC Shoes
2014-07-04 15:05:11 INFO  WebDriverManager:804 - Page title is DC Shoes | Skate & Snowboard Quality Clothing - DC Shoes
2014-07-04 15:22:04 INFO  WebDriverManager:804 - Page title is DC Shoes | Skate & Snowboard Quality Clothing - DC Shoes
2014-07-04 15:23:02 INFO  WebDriverManager:804 - Page title is DC Shoes | Skate & Snowboard Quality Clothing - DC Shoes
2014-07-04 15:26:13 INFO  WebDriverManager:804 - Page title is DC Shoes | Skate & Snowboard Quality Clothing - DC Shoes
2014-07-04 15:27:11 INFO  WebDriverManager:804 - Page title is DC Shoes | Skate & Snowboard Quality Clothing - DC Shoes
2014-07-04 15:31:17 INFO  WebDriverManager:804 - Page title is DC Shoes | Skate & Snowboard Quality Clothing - DC Shoes
2014-07-04 15:32:31 INFO  WebDriverManager:804 - Page title is DC Shoes | Skate & Snowboard Quality Clothing - DC Shoes
2014-07-04 15:41:50 INFO  WebDriverManager:804 - Page title is DC Shoes | Skate & Snowboard Quality Clothing - DC Shoes
2014-07-04 15:42:21 INFO  WebDriverManager:804 - Page title is DC Shoes | Skate & Snowboard Quality Clothing - DC Shoes
2014-07-04 16:10:31 INFO  WebDriverManager:804 - Page title is DC Shoes | Skate & Snowboard Quality Clothing - DC Shoes
2014-07-04 16:36:57 INFO  WebDriverManager:804 - Page title is DC Shoes | Skate & Snowboard Quality Clothing - DC Shoes
2014-07-04 16:38:09 INFO  WebDriverManager:804 - Page title is DC Shoes | Skate & Snowboard Quality Clothing - DC Shoes
2014-07-04 17:08:00 INFO  WebDriverManager:804 - Page title is DC Shoes | Skate & Snowboard Quality Clothing - DC Shoes
2014-07-04 17:10:58 INFO  WebDriverManager:804 - Page title is DC Shoes | Skate & Snowboard Quality Clothing - DC Shoes
2014-07-04 18:07:51 INFO  WebDriverManager:804 - Page title is DC Shoes | Skate & Snowboard Quality Clothing - DC Shoes
2014-07-04 18:12:00 INFO  WebDriverManager:804 - Page title is DC Shoes | Skate & Snowboard Quality Clothing - DC Shoes
2014-07-04 18:14:05 INFO  WebDriverManager:804 - Page title is DC Shoes | Skate & Snowboard Quality Clothing - DC Shoes
2014-07-04 18:16:14 INFO  WebDriverManager:804 - Page title is DC Shoes | Skate & Snowboard Quality Clothing - DC Shoes
2014-07-04 19:27:22 INFO  WebDriverManager:804 - Page title is DC Shoes | Skate & Snowboard Quality Clothing - DC Shoes
2014-07-04 19:30:43 INFO  WebDriverManager:804 - Page title is DC Shoes Skate, Snowboard & Surf Clothing and Shoes - DC Shoes
2014-07-04 19:50:39 INFO  WebDriverManager:804 - Page title is DC Shoes Skate, Snowboard & Surf Clothing and Shoes - DC Shoes
2014-07-04 20:37:13 INFO  WebDriverManager:804 - Page title is DC Shoes Skate, Snowboard & Surf Clothing and Shoes - DC Shoes
2014-07-04 20:38:50 INFO  WebDriverManager:804 - Page title is DC Shoes Skate, Snowboard & Surf Clothing and Shoes - DC Shoes
2014-07-04 21:00:05 INFO  WebDriverManager:804 - Page title is DC Shoes Skate, Snowboard & Surf Clothing and Shoes - DC Shoes
2014-07-04 21:10:14 INFO  WebDriverManager:804 - Page title is DC Shoes Skate, Snowboard & Surf Clothing and Shoes - DC Shoes
2014-07-04 21:12:59 INFO  WebDriverManager:804 - Page title is DC Shoes Skate, Snowboard & Surf Clothing and Shoes - DC Shoes
2014-07-04 21:15:51 INFO  WebDriverManager:804 - Page title is DC Shoes Skate, Snowboard & Surf Clothing and Shoes - DC Shoes
2014-07-04 21:18:03 INFO  WebDriverManager:804 - Page title is DC Shoes Skate, Snowboard & Surf Clothing and Shoes - DC Shoes
2014-07-04 21:22:59 INFO  WebDriverManager:804 - Page title is DC Shoes | Skate & Snowboard Quality Clothing - DC Shoes
2014-07-04 22:13:32 INFO  WebDriverManager:804 - Page title is DC Shoes | Skate & Snowboard Quality Clothing - DC Shoes
2014-07-04 22:26:23 INFO  WebDriverManager:804 - Page title is DC Shoes | Skate & Snowboard Quality Clothing - DC Shoes
2014-07-05 10:11:27 INFO  WebDriverManager:804 - Page title is DC Shoes | Skate & Snowboard Quality Clothing - DC Shoes
2014-07-05 10:17:25 INFO  WebDriverManager:804 - Page title is DC Shoes | Skate & Snowboard Quality Clothing - DC Shoes
2014-07-05 10:21:36 INFO  WebDriverManager:804 - Page title is DC Shoes | Skate & Snowboard Quality Clothing - DC Shoes
2014-07-05 10:24:04 INFO  WebDriverManager:804 - Page title is DC Shoes Skate, Snowboard & Surf Clothing and Shoes - DC Shoes
2014-07-05 13:22:26 INFO  WebDriverManager:804 - Page title is DC Shoes | Skate & Snowboard Quality Clothing - DC Shoes
2014-07-05 13:24:00 INFO  WebDriverManager:804 - Page title is DC Shoes | Skate & Snowboard Quality Clothing - DC Shoes
2014-07-05 13:24:42 INFO  WebDriverManager:804 - Page title is DC Shoes | Skate & Snowboard Quality Clothing - DC Shoes
2014-07-05 13:34:25 INFO  WebDriverManager:804 - Page title is DC Shoes | Skate & Snowboard Quality Clothing - DC Shoes
2014-07-05 13:36:28 INFO  WebDriverManager:804 - Page title is DC Shoes | Skate & Snowboard Quality Clothing - DC Shoes
2014-07-05 13:40:40 INFO  WebDriverManager:804 - Page title is DC Shoes | Skate & Snowboard Quality Clothing - DC Shoes
2014-07-05 13:42:47 INFO  WebDriverManager:804 - Page title is DC Shoes | Skate & Snowboard Quality Clothing - DC Shoes
2014-07-05 13:43:35 INFO  WebDriverManager:804 - Page title is DC Shoes | Skate & Snowboard Quality Clothing - DC Shoes
2014-07-05 13:46:02 INFO  WebDriverManager:804 - Page title is DC Shoes | Skate & Snowboard Quality Clothing - DC Shoes
2014-07-05 13:52:39 INFO  WebDriverManager:804 - Page title is DC Shoes | Skate & Snowboard Quality Clothing - DC Shoes
2014-07-05 13:53:23 INFO  WebDriverManager:804 - Page title is DC Shoes | Skate & Snowboard Quality Clothing - DC Shoes
2014-07-05 14:13:11 INFO  WebDriverManager:804 - Page title is DC Shoes | Skate & Snowboard Quality Clothing - DC Shoes
2014-07-05 14:14:47 INFO  WebDriverManager:804 - Page title is DC Shoes | Skate & Snowboard Quality Clothing - DC Shoes
2014-07-05 14:16:06 INFO  WebDriverManager:804 - Page title is DC Shoes | Skate & Snowboard Quality Clothing - DC Shoes
2014-07-05 14:17:08 INFO  WebDriverManager:804 - Page title is DC Shoes | Skate & Snowboard Quality Clothing - DC Shoes
2014-07-05 14:33:59 INFO  WebDriverManager:804 - Page title is DC Shoes | Skate & Snowboard Quality Clothing - DC Shoes
2014-07-05 14:37:38 INFO  WebDriverManager:804 - Page title is DC Shoes | Skate & Snowboard Quality Clothing - DC Shoes
2014-07-05 14:38:49 INFO  WebDriverManager:804 - Page title is DC Shoes | Skate & Snowboard Quality Clothing - DC Shoes
2014-07-05 14:40:41 INFO  WebDriverManager:804 - Page title is DC Shoes Skate, Snowboard & Surf Clothing and Shoes - DC Shoes
2014-07-05 14:42:32 INFO  WebDriverManager:804 - Page title is DC Shoes Skate, Snowboard & Surf Clothing and Shoes - DC Shoes
2014-07-05 14:44:42 INFO  WebDriverManager:804 - Page title is DC Shoes | Skate & Snowboard Quality Clothing - DC Shoes
2014-07-05 15:07:55 INFO  WebDriverManager:804 - Page title is DC Shoes | Skate & Snowboard Quality Clothing - DC Shoes
2014-07-05 15:40:12 INFO  WebDriverManager:804 - Page title is DC Shoes | Skate & Snowboard Quality Clothing - DC Shoes
2014-07-05 16:51:36 INFO  WebDriverManager:804 - Page title is DC Shoes | Skate & Snowboard Quality Clothing - DC Shoes
2014-07-05 16:54:03 INFO  WebDriverManager:804 - Page title is DC Shoes | Skate & Snowboard Quality Clothing - DC Shoes
2014-07-05 17:38:01 INFO  WebDriverManager:804 - Page title is DC Shoes | Skate & Snowboard Quality Clothing - DC Shoes
2014-07-05 18:07:57 INFO  WebDriverManager:804 - Page title is DC Shoes | Skate & Snowboard Quality Clothing - DC Shoes
2014-07-05 18:10:25 INFO  WebDriverManager:804 - Page title is DC Shoes | Skate & Snowboard Quality Clothing - DC Shoes
2014-07-05 18:21:43 INFO  WebDriverManager:804 - Page title is DC Shoes | Skate & Snowboard Quality Clothing - DC Shoes
2014-07-05 18:24:16 INFO  WebDriverManager:804 - Page title is DC Shoes | Skate & Snowboard Quality Clothing - DC Shoes
2014-07-05 18:31:46 INFO  WebDriverManager:804 - Page title is DC Shoes | Skate & Snowboard Quality Clothing - DC Shoes
2014-07-05 19:04:58 INFO  WebDriverManager:804 - Page title is DC Shoes | Skate & Snowboard Quality Clothing - DC Shoes
2014-07-05 19:08:37 INFO  WebDriverManager:804 - Page title is DC Shoes | Skate & Snowboard Quality Clothing - DC Shoes
2014-07-05 19:10:49 INFO  WebDriverManager:804 - Page title is DC Shoes | Skate & Snowboard Quality Clothing - DC Shoes
2014-07-05 19:17:38 INFO  WebDriverManager:804 - Page title is DC Shoes | Skate & Snowboard Quality Clothing - DC Shoes
2014-07-05 19:18:47 INFO  WebDriverManager:804 - Page title is DC Shoes | Skate & Snowboard Quality Clothing - DC Shoes
2014-07-05 19:28:40 INFO  WebDriverManager:804 - Page title is DC Shoes | Skate & Snowboard Quality Clothing - DC Shoes
2014-07-05 19:30:22 INFO  WebDriverManager:804 - Page title is DC Shoes | Skate & Snowboard Quality Clothing - DC Shoes
2014-07-05 19:32:23 INFO  WebDriverManager:804 - Page title is DC Shoes | Skate & Snowboard Quality Clothing - DC Shoes
2014-07-05 19:47:29 INFO  WebDriverManager:804 - Page title is DC Shoes | Skate & Snowboard Quality Clothing - DC Shoes
2014-07-05 19:50:01 INFO  WebDriverManager:804 - Page title is DC Shoes Skate, Snowboard & Surf Clothing and Shoes - DC Shoes
2014-07-05 19:52:16 INFO  WebDriverManager:804 - Page title is DC Shoes Skate, Snowboard & Surf Clothing and Shoes - DC Shoes
2014-07-05 19:59:12 INFO  WebDriverManager:804 - Page title is DC Shoes | Skate & Snowboard Quality Clothing - DC Shoes
2014-07-05 20:14:49 INFO  WebDriverManager:804 - Page title is DC Shoes | Skate & Snowboard Quality Clothing - DC Shoes
2014-07-05 20:17:56 INFO  WebDriverManager:804 - Page title is DC Shoes | Skate & Snowboard Quality Clothing - DC Shoes
2014-07-05 20:20:09 INFO  WebDriverManager:804 - Page title is DC Shoes | Skate & Snowboard Quality Clothing - DC Shoes
2014-07-05 20:21:53 INFO  WebDriverManager:804 - Page title is DC Shoes | Skate & Snowboard Quality Clothing - DC Shoes
2014-07-05 20:23:02 INFO  WebDriverManager:804 - Page title is DC Shoes | Skate & Snowboard Quality Clothing - DC Shoes
2014-07-05 20:23:42 INFO  WebDriverManager:804 - Page title is DC Shoes | Skate & Snowboard Quality Clothing - DC Shoes
2014-07-05 20:25:24 INFO  WebDriverManager:804 - Page title is DC Shoes | Skate & Snowboard Quality Clothing - DC Shoes
2014-07-05 20:26:43 INFO  WebDriverManager:804 - Page title is DC Shoes | Skate & Snowboard Quality Clothing - DC Shoes
2014-07-05 20:29:00 INFO  WebDriverManager:804 - Page title is DC Shoes | Skate & Snowboard Quality Clothing - DC Shoes
2014-07-05 20:30:23 INFO  WebDriverManager:804 - Page title is DC Shoes | Skate & Snowboard Quality Clothing - DC Shoes
2014-07-05 20:31:36 INFO  WebDriverManager:804 - Page title is DC Shoes | Skate & Snowboard Quality Clothing - DC Shoes
2014-07-05 20:31:56 INFO  WebDriverManager:804 - Page title is DC Shoes | Skate & Snowboard Quality Clothing - DC Shoes
2014-07-05 20:32:28 INFO  WebDriverManager:804 - Page title is DC Shoes | Skate & Snowboard Quality Clothing - DC Shoes
2014-07-05 20:33:06 INFO  WebDriverManager:804 - Page title is DC Shoes | Skate & Snowboard Quality Clothing - DC Shoes
2014-07-05 20:34:17 INFO  WebDriverManager:804 - Page title is DC Shoes | Skate & Snowboard Quality Clothing - DC Shoes
2014-07-05 20:54:37 INFO  WebDriverManager:804 - Page title is DC Shoes Skate, Snowboard & Surf Clothing and Shoes - DC Shoes
2014-07-05 20:55:28 INFO  WebDriverManager:804 - Page title is DC Shoes Skate, Snowboard & Surf Clothing and Shoes - DC Shoes
2014-07-05 20:56:06 INFO  WebDriverManager:804 - Page title is DC Shoes Skate, Snowboard & Surf Clothing and Shoes - DC Shoes
2014-07-05 20:57:28 INFO  WebDriverManager:804 - Page title is DC Shoes Skate, Snowboard & Surf Clothing and Shoes - DC Shoes
2014-07-05 20:58:49 INFO  WebDriverManager:804 - Page title is DC Shoes Skate, Snowboard & Surf Clothing and Shoes - DC Shoes
2014-07-05 21:00:08 INFO  WebDriverManager:804 - Page title is DC Shoes Skate, Snowboard & Surf Clothing and Shoes - DC Shoes
2014-07-05 21:01:28 INFO  WebDriverManager:804 - Page title is DC Shoes Skate, Snowboard & Surf Clothing and Shoes - DC Shoes
2014-07-05 21:05:53 INFO  WebDriverManager:804 - Page title is DC Shoes Skate, Snowboard & Surf Clothing and Shoes - DC Shoes
2014-07-05 21:06:07 INFO  WebDriverManager:804 - Page title is DC Shoes Skate, Snowboard & Surf Clothing and Shoes - DC Shoes
2014-07-05 21:06:25 INFO  WebDriverManager:804 - Page title is DC Shoes Skate, Snowboard & Surf Clothing and Shoes - DC Shoes
2014-07-05 21:06:54 INFO  WebDriverManager:804 - Page title is DC Shoes Skate, Snowboard & Surf Clothing and Shoes - DC Shoes
2014-07-05 21:08:03 INFO  WebDriverManager:804 - Page title is DC Shoes Skate, Snowboard & Surf Clothing and Shoes - DC Shoes
2014-07-05 21:09:18 INFO  WebDriverManager:804 - Page title is DC Shoes | Skate & Snowboard Quality Clothing - DC Shoes
2014-07-05 21:10:21 INFO  WebDriverManager:804 - Page title is DC Shoes | Skate & Snowboard Quality Clothing - DC Shoes
2014-07-05 21:22:23 INFO  WebDriverManager:804 - Page title is DC Shoes Skate, Snowboard & Surf Clothing and Shoes - DC Shoes
2014-07-05 21:24:14 INFO  WebDriverManager:804 - Page title is DC Shoes Skate, Snowboard & Surf Clothing and Shoes - DC Shoes
2014-07-05 21:24:30 INFO  WebDriverManager:804 - Page title is DC Shoes Skate, Snowboard & Surf Clothing and Shoes - DC Shoes
2014-07-05 21:24:46 INFO  WebDriverManager:804 - Page title is DC Shoes Skate, Snowboard & Surf Clothing and Shoes - DC Shoes
2014-07-05 21:25:26 INFO  WebDriverManager:804 - Page title is DC Shoes | Skate & Snowboard Quality Clothing - DC Shoes
2014-07-05 21:33:59 INFO  WebDriverManager:804 - Page title is DC Shoes Skate, Snowboard & Surf Clothing and Shoes - DC Shoes
2014-07-05 21:34:15 INFO  WebDriverManager:804 - Page title is DC Shoes | Skate & Snowboard Quality Clothing - DC Shoes
2014-07-05 21:35:13 INFO  WebDriverManager:804 - Page title is DC Shoes | Skate & Snowboard Quality Clothing - DC Shoes
2014-07-05 21:35:38 INFO  WebDriverManager:804 - Page title is DC Shoes | Skate & Snowboard Quality Clothing - DC Shoes
2014-07-05 21:36:42 INFO  WebDriverManager:804 - Page title is DC Shoes | Skate & Snowboard Quality Clothing - DC Shoes
2014-07-05 21:37:05 INFO  WebDriverManager:804 - Page title is DC Shoes | Skate & Snowboard Quality Clothing - DC Shoes
2014-07-05 21:42:56 INFO  WebDriverManager:804 - Page title is DC Shoes | Skate & Snowboard Quality Clothing - DC Shoes
2014-07-05 21:43:35 INFO  WebDriverManager:804 - Page title is DC Shoes | Skate & Snowboard Quality Clothing - DC Shoes
2014-07-05 21:45:10 INFO  WebDriverManager:804 - Page title is DC Shoes | Skate & Snowboard Quality Clothing - DC Shoes
2014-07-05 21:45:50 INFO  WebDriverManager:804 - Page title is DC Shoes | Skate & Snowboard Quality Clothing - DC Shoes
2014-07-05 21:56:34 INFO  WebDriverManager:804 - Page title is DC Shoes | Skate & Snowboard Quality Clothing - DC Shoes
2014-07-05 21:57:10 INFO  WebDriverManager:804 - Page title is DC Shoes | Skate & Snowboard Quality Clothing - DC Shoes
2014-07-05 21:58:08 INFO  WebDriverManager:804 - Page title is DC Shoes | Skate & Snowboard Quality Clothing - DC Shoes
2014-07-05 21:58:58 INFO  WebDriverManager:804 - Page title is DC Shoes | Skate & Snowboard Quality Clothing - DC Shoes
2014-07-05 22:00:26 INFO  WebDriverManager:804 - Page title is DC Shoes | Skate & Snowboard Quality Clothing - DC Shoes
2014-07-05 22:00:50 INFO  WebDriverManager:804 - Page title is DC Shoes | Skate & Snowboard Quality Clothing - DC Shoes
2014-07-05 22:07:21 INFO  WebDriverManager:804 - Page title is DC Shoes | Skate & Snowboard Quality Clothing - DC Shoes
2014-07-05 22:08:17 INFO  WebDriverManager:804 - Page title is DC Shoes | Skate & Snowboard Quality Clothing - DC Shoes
2014-07-05 22:10:56 INFO  WebDriverManager:804 - Page title is DC Shoes | Skate & Snowboard Quality Clothing - DC Shoes
2014-07-05 22:11:46 INFO  WebDriverManager:804 - Page title is DC Shoes | Skate & Snowboard Quality Clothing - DC Shoes
2014-07-05 22:53:13 INFO  WebDriverManager:805 - Page title is DC Shoes | Skate & Snowboard Quality Clothing - DC Shoes
2014-07-05 22:54:03 INFO  WebDriverManager:805 - Page title is DC Shoes | Skate & Snowboard Quality Clothing - DC Shoes
2014-07-05 22:56:47 INFO  WebDriverManager:805 - Page title is DC Shoes | Skate & Snowboard Quality Clothing - DC Shoes
2014-07-05 22:57:37 INFO  WebDriverManager:805 - Page title is DC Shoes | Skate & Snowboard Quality Clothing - DC Shoes
2014-07-05 23:02:12 INFO  WebDriverManager:805 - Page title is DC Shoes | Skate & Snowboard Quality Clothing - DC Shoes
2014-07-05 23:04:13 INFO  WebDriverManager:805 - Page title is DC Shoes | Skate & Snowboard Quality Clothing - DC Shoes
2014-07-05 23:05:28 INFO  WebDriverManager:805 - Page title is DC Shoes | Skate & Snowboard Quality Clothing - DC Shoes
2014-07-05 23:06:16 INFO  WebDriverManager:805 - Page title is DC Shoes | Skate & Snowboard Quality Clothing - DC Shoes
2014-07-05 23:07:45 INFO  WebDriverManager:809 - Page title is DC Shoes | Skate & Snowboard Quality Clothing - DC Shoes
2014-07-05 23:08:33 INFO  WebDriverManager:809 - Page title is DC Shoes | Skate & Snowboard Quality Clothing - DC Shoes
2014-07-05 23:12:09 INFO  WebDriverManager:806 - Page title is DC Shoes | Skate & Snowboard Quality Clothing - DC Shoes
2014-07-05 23:15:25 INFO  WebDriverManager:806 - Page title is DC Shoes | Skate & Snowboard Quality Clothing - DC Shoes
2014-07-05 23:16:15 INFO  WebDriverManager:806 - Page title is DC Shoes | Skate & Snowboard Quality Clothing - DC Shoes
2014-07-05 23:18:51 INFO  WebDriverManager:806 - Page title is DC Shoes | Skate & Snowboard Quality Clothing - DC Shoes
2014-07-05 23:19:41 INFO  WebDriverManager:806 - Page title is DC Shoes | Skate & Snowboard Quality Clothing - DC Shoes
2014-07-05 23:20:36 INFO  WebDriverManager:806 - Page title is DC Shoes | Skate & Snowboard Quality Clothing - DC Shoes
2014-07-05 23:20:54 INFO  WebDriverManager:806 - Page title is DC Shoes | Skate & Snowboard Quality Clothing - DC Shoes
2014-07-05 23:29:56 INFO  WebDriverManager:806 - Page title is DC Shoes | Skate & Snowboard Quality Clothing - DC Shoes
2014-07-05 23:30:25 INFO  WebDriverManager:806 - Page title is DC Shoes | Skate & Snowboard Quality Clothing - DC Shoes
2014-07-05 23:42:23 INFO  WebDriverManager:806 - Page title is DC Shoes | Skate & Snowboard Quality Clothing - DC Shoes
2014-07-05 23:43:15 INFO  WebDriverManager:806 - Page title is DC Shoes | Skate & Snowboard Quality Clothing - DC Shoes
2014-07-05 23:45:53 INFO  WebDriverManager:806 - Page title is DC Shoes | Skate & Snowboard Quality Clothing - DC Shoes
2014-07-05 23:46:33 INFO  WebDriverManager:806 - Page title is DC Shoes | Skate & Snowboard Quality Clothing - DC Shoes
2014-07-05 23:48:07 INFO  WebDriverManager:806 - Page title is DC Shoes | Skate & Snowboard Quality Clothing - DC Shoes
2014-07-05 23:53:46 INFO  WebDriverManager:806 - Page title is DC Shoes | Skate & Snowboard Quality Clothing - DC Shoes
2014-07-05 23:58:54 INFO  WebDriverManager:806 - Page title is DC Shoes | Skate & Snowboard Quality Clothing - DC Shoes
2014-07-05 23:59:32 INFO  WebDriverManager:806 - Page title is DC Shoes | Skate & Snowboard Quality Clothing - DC Shoes
2014-07-06 00:00:36 INFO  WebDriverManager:806 - Page title is DC Shoes | Skate & Snowboard Quality Clothing - DC Shoes
2014-07-06 00:03:28 INFO  WebDriverManager:806 - Page title is DC Shoes | Skate & Snowboard Quality Clothing - DC Shoes
2014-07-06 00:04:12 INFO  WebDriverManager:806 - Page title is DC Shoes | Skate & Snowboard Quality Clothing - DC Shoes
2014-07-06 00:04:47 INFO  WebDriverManager:806 - Page title is DC Shoes | Skate & Snowboard Quality Clothing - DC Shoes
2014-07-06 00:05:34 INFO  WebDriverManager:806 - Page title is DC Shoes | Skate & Snowboard Quality Clothing - DC Shoes
2014-07-06 00:06:55 INFO  WebDriverManager:806 - Page title is DC Shoes | Skate & Snowboard Quality Clothing - DC Shoes
2014-07-06 00:07:30 INFO  WebDriverManager:806 - Page title is DC Shoes | Skate & Snowboard Quality Clothing - DC Shoes
2014-07-06 00:08:36 INFO  WebDriverManager:806 - Page title is DC Shoes | Skate & Snowboard Quality Clothing - DC Shoes
2014-07-06 00:09:05 INFO  WebDriverManager:806 - Page title is DC Shoes | Skate & Snowboard Quality Clothing - DC Shoes
2014-07-06 00:09:37 INFO  WebDriverManager:806 - Page title is DC Shoes | Skate & Snowboard Quality Clothing - DC Shoes
2014-07-06 00:11:16 INFO  WebDriverManager:806 - Page title is DC Shoes | Skate & Snowboard Quality Clothing - DC Shoes
2014-07-06 00:16:01 INFO  WebDriverManager:806 - Page title is DC Shoes | Skate & Snowboard Quality Clothing - DC Shoes
2014-07-06 00:17:44 INFO  WebDriverManager:806 - Page title is DC Shoes | Skate & Snowboard Quality Clothing - DC Shoes
2014-07-06 00:19:17 INFO  WebDriverManager:806 - Page title is DC Shoes | Skate & Snowboard Quality Clothing - DC Shoes
2014-07-06 00:22:32 INFO  WebDriverManager:806 - Page title is DC Shoes | Skate & Snowboard Quality Clothing - DC Shoes
2014-07-06 00:22:55 INFO  WebDriverManager:806 - Page title is DC Shoes | Skate & Snowboard Quality Clothing - DC Shoes
2014-07-06 00:24:31 INFO  WebDriverManager:806 - Page title is DC Shoes | Skate & Snowboard Quality Clothing - DC Shoes
2014-07-06 00:25:04 INFO  WebDriverManager:806 - Page title is DC Shoes | Skate & Snowboard Quality Clothing - DC Shoes
2014-07-06 00:31:18 INFO  WebDriverManager:806 - Page title is DC Shoes | Skate & Snowboard Quality Clothing - DC Shoes
2014-07-06 00:34:54 INFO  WebDriverManager:806 - Page title is DC Shoes | Skate & Snowboard Quality Clothing - DC Shoes
2014-07-06 00:41:22 INFO  WebDriverManager:806 - Page title is DC Shoes | Skate & Snowboard Quality Clothing - DC Shoes
2014-07-06 00:52:47 INFO  WebDriverManager:806 - Page title is DC Shoes | Skate & Snowboard Quality Clothing - DC Shoes
2014-07-06 17:48:56 INFO  WebDriverManager:806 - Page title is DC Shoes Skate, Snowboard & Surf Clothing and Shoes - DC Shoes
2014-07-06 17:50:24 INFO  WebDriverManager:806 - Page title is DC Shoes Skate, Snowboard & Surf Clothing and Shoes - DC Shoes
2014-07-06 17:51:55 INFO  WebDriverManager:806 - Page title is DC Shoes Skate, Snowboard & Surf Clothing and Shoes - DC Shoes
2014-07-06 17:54:57 INFO  WebDriverManager:806 - Page title is DC Shoes Skate, Snowboard & Surf Clothing and Shoes - DC Shoes
2014-07-06 17:56:33 INFO  WebDriverManager:806 - Page title is DC Shoes Skate, Snowboard & Surf Clothing and Shoes - DC Shoes
2014-07-06 17:57:29 INFO  WebDriverManager:806 - Page title is DC Shoes Skate, Snowboard & Surf Clothing and Shoes - DC Shoes
2014-07-06 17:59:26 INFO  WebDriverManager:806 - Page title is DC Shoes Skate, Snowboard & Surf Clothing and Shoes - DC Shoes
2014-07-06 17:59:44 INFO  WebDriverManager:806 - Page title is DC Shoes Skate, Snowboard & Surf Clothing and Shoes - DC Shoes
2014-07-06 18:00:04 INFO  WebDriverManager:806 - Page title is DC Shoes Skate, Snowboard & Surf Clothing and Shoes - DC Shoes
2014-07-06 18:00:34 INFO  WebDriverManager:806 - Page title is DC Shoes Skate, Snowboard & Surf Clothing and Shoes - DC Shoes
2014-07-06 18:01:45 INFO  WebDriverManager:806 - Page title is DC Shoes Skate, Snowboard & Surf Clothing and Shoes - DC Shoes
2014-07-06 18:26:39 INFO  WebDriverManager:806 - Page title is DC Shoes Skate, Snowboard & Surf Clothing and Shoes - DC Shoes
2014-07-06 18:32:35 INFO  WebDriverManager:806 - Page title is DC Shoes Skate, Snowboard & Surf Clothing and Shoes - DC Shoes
2014-07-06 18:33:22 INFO  WebDriverManager:806 - Page title is DC Shoes Skate, Snowboard & Surf Clothing and Shoes - DC Shoes
2014-07-06 18:35:56 INFO  WebDriverManager:806 - Page title is DC Shoes Skate, Snowboard & Surf Clothing and Shoes - DC Shoes
2014-07-06 21:43:09 INFO  WebDriverManager:806 - Page title is dcshoes Tonik Tx 303111 - DC Shoes
2014-07-07 10:07:05 INFO  WebDriverManager:806 - Page title is DC Shoes Skate, Snowboard & Surf Clothing and Shoes - DC Shoes
2014-07-07 10:08:16 INFO  WebDriverManager:806 - Page title is DC Shoes Skate, Snowboard & Surf Clothing and Shoes - DC Shoes
2014-07-10 15:50:07 INFO  WebDriverManager:806 - Page title is DC Shoes Skate, Snowboard & Surf Clothing and Shoes - DC Shoes
2014-07-10 16:17:57 INFO  WebDriverManager:806 - Page title is DC Shoes Skate, Snowboard & Surf Clothing and Shoes - DC Shoes
2014-07-10 16:55:46 INFO  WebDriverManager:806 - Page title is DC Shoes Skate, Snowboard & Surf Clothing and Shoes - DC Shoes
2014-07-10 18:40:45 INFO  WebDriverManager:806 - Page title is DC Shoes Skate, Snowboard & Surf Clothing and Shoes - DC Shoes
2014-07-10 18:43:40 INFO  WebDriverManager:806 - Page title is DC Shoes Skate, Snowboard & Surf Clothing and Shoes - DC Shoes
2014-07-11 15:02:22 INFO  WebDriverManager:806 - Page title is DC Shoes Skate, Snowboard & Surf Clothing and Shoes - DC Shoes
2014-07-11 15:12:30 INFO  WebDriverManager:806 - Page title is DC Shoes Skate, Snowboard & Surf Clothing and Shoes - DC Shoes
2014-07-11 15:13:47 INFO  WebDriverManager:806 - Page title is DC Shoes Skate, Snowboard & Surf Clothing and Shoes - DC Shoes
2014-07-11 15:54:15 INFO  WebDriverManager:806 - Page title is DC Shoes Skate, Snowboard & Surf Clothing and Shoes - DC Shoes
2014-07-11 16:00:13 INFO  WebDriverManager:806 - Page title is DC Shoes Skate, Snowboard & Surf Clothing and Shoes - DC Shoes
2014-07-11 16:02:02 INFO  WebDriverManager:806 - Page title is DC Shoes Skate, Snowboard & Surf Clothing and Shoes - DC Shoes
2014-07-11 17:39:02 INFO  WebDriverManager:806 - Page title is DC Shoes Skate, Snowboard & Surf Clothing and Shoes - DC Shoes
2014-07-11 21:56:27 INFO  WebDriverManager:806 - Page title is DC Shoes Skate, Snowboard & Surf Clothing and Shoes - DC Shoes
2014-07-11 22:23:01 INFO  WebDriverManager:806 - Page title is DC Shoes Skate, Snowboard & Surf Clothing and Shoes - DC Shoes
